<?xml version="1.0" encoding="UTF-8"?>
<!-- Generated by org.testng.reporters.JUnitReportReporter -->
<testsuite hostname="DESKTOP-H12QAKV" failures="0" tests="16" name="Javaselenium.PracticeSelenium" time="0.032" errors="0" timestamp="2026-05-29T22:07:51 IST" skipped="0">
  <testcase classname="Javaselenium.PracticeSelenium" name="FirstName" time="0.009"/>
  <testcase classname="Javaselenium.PracticeSelenium" name="LastName" time="0.001"/>
  <testcase classname="Javaselenium.PracticeSelenium" name="Address" time="0.001"/>
  <testcase classname="Javaselenium.PracticeSelenium" name="City" time="0.001"/>
  <testcase classname="Javaselenium.PracticeSelenium" name="state" time="0.001"/>
  <testcase classname="Javaselenium.PracticeSelenium" name="zipcode" time="0.001"/>
  <testcase classname="Javaselenium.PracticeSelenium" name="phone" time="0.002"/>
  <testcase classname="Javaselenium.PracticeSelenium" name="SSN" time="0.004"/>
  <testcase classname="Javaselenium.PracticeSelenium" name="username" time="0.004"/>
  <testcase classname="Javaselenium.PracticeSelenium" name="password" time="0.002"/>
  <testcase classname="Javaselenium.PracticeSelenium" name="confirmpassword" time="0.001"/>
  <testcase classname="Javaselenium.PracticeSelenium" name="Login" time="0.001"/>
  <testcase classname="Javaselenium.PracticeSelenium" name="Register" time="0.001"/>
  <testcase classname="Javaselenium.PracticeSelenium" name="NewAccount" time="0.001"/>
  <testcase classname="Javaselenium.PracticeSelenium" name="dropdown" time="0.001"/>
  <testcase classname="Javaselenium.PracticeSelenium" name="clickonopennewaccount" time="0.001"/>
</testsuite> <!-- Javaselenium.PracticeSelenium -->
